Base path: /Applications/Unity/Unity.app/Contents
Pipe name: \\.\pipe\UnityShaderCompiler-64bit-2-770863104
Cmd: getPlatforms
Cmd: compileSnippet
  api=0 type=0 insize=982 outsize=11488 kw=DIRECTIONAL SHADOWS_OFF LIGHTMAP_OFF DIRLIGHTMAP_OFF DYNAMICLIGHTMAP_OFF VERTEXLIGHT_ON _ALPHABLEND_ON pd= ok=1
Cmd: compileSnippet
  api=0 type=0 insize=938 outsize=6197 kw=POINT SHADOWS_OFF _ALPHABLEND_ON pd= ok=1
Cmd: compileSnippet
  api=0 type=0 insize=938 outsize=6285 kw=POINT_COOKIE SHADOWS_OFF _ALPHABLEND_ON pd= ok=1
Cmd: compileSnippet
  api=0 type=0 insize=938 outsize=6747 kw=SPOT SHADOWS_DEPTH SHADOWS_NATIVE _ALPHABLEND_ON pd= ok=1
Cmd: compileSnippet
  api=0 type=0 insize=938 outsize=6543 kw=DIRECTIONAL_COOKIE SHADOWS_SCREEN _ALPHABLEND_ON pd= ok=1
Cmd: compileSnippet
  api=0 type=0 insize=938 outsize=7137 kw=POINT_COOKIE SHADOWS_CUBE _ALPHABLEND_ON pd= ok=1
Cmd: compileSnippet
  api=0 type=0 insize=938 outsize=7948 kw=POINT SHADOWS_CUBE SHADOWS_SOFT _ALPHABLEND_ON pd= ok=1
Cmd: compileSnippet
  api=0 type=1 insize=938 outsize=6 kw=POINT SHADOWS_OFF _ALPHABLEND_ON pd= ok=1
Cmd: compileSnippet
  api=0 type=1 insize=938 outsize=6 kw=POINT_COOKIE SHADOWS_OFF _ALPHABLEND_ON pd= ok=1
Cmd: compileSnippet
  api=0 type=1 insize=938 outsize=6 kw=SPOT SHADOWS_DEPTH SHADOWS_NATIVE _ALPHABLEND_ON pd= ok=1
Cmd: compileSnippet
  api=0 type=1 insize=938 outsize=6 kw=DIRECTIONAL_COOKIE SHADOWS_SCREEN _ALPHABLEND_ON pd= ok=1
Cmd: compileSnippet
  api=0 type=1 insize=938 outsize=6 kw=POINT_COOKIE SHADOWS_CUBE _ALPHABLEND_ON pd= ok=1
Cmd: compileSnippet
  api=0 type=1 insize=938 outsize=6 kw=POINT SHADOWS_CUBE SHADOWS_SOFT _ALPHABLEND_ON pd= ok=1
Cmd: compileSnippet
  api=0 type=1 insize=938 outsize=6 kw=POINT_COOKIE SHADOWS_CUBE SHADOWS_SOFT _ALPHABLEND_ON pd= ok=1
Cmd: compileSnippet
  api=0 type=0 insize=751 outsize=976 kw=SHADOWS_CUBE _ALPHABLEND_ON pd= ok=1
Cmd: compileSnippet
  api=0 type=1 insize=751 outsize=6 kw=SHADOWS_CUBE _ALPHABLEND_ON pd= ok=1
Cmd: compileSnippet
  api=0 type=0 insize=1152 outsize=4215 kw=LIGHTMAP_OFF DIRLIGHTMAP_OFF DYNAMICLIGHTMAP_OFF _ALPHABLEND_ON pd= ok=1
Cmd: compileSnippet
  api=0 type=0 insize=1152 outsize=5246 kw=LIGHTMAP_OFF DIRLIGHTMAP_SEPARATE DYNAMICLIGHTMAP_OFF _ALPHABLEND_ON pd= ok=1
Cmd: compileSnippet
  api=0 type=0 insize=1152 outsize=5237 kw=LIGHTMAP_OFF DIRLIGHTMAP_COMBINED DYNAMICLIGHTMAP_OFF UNITY_HDR_ON _ALPHABLEND_ON pd= ok=1
Cmd: compileSnippet
  api=0 type=1 insize=1152 outsize=6 kw=LIGHTMAP_OFF DIRLIGHTMAP_OFF DYNAMICLIGHTMAP_OFF _ALPHABLEND_ON pd= ok=1
Cmd: compileSnippet
  api=0 type=1 insize=1152 outsize=6 kw=LIGHTMAP_OFF DIRLIGHTMAP_OFF DYNAMICLIGHTMAP_OFF UNITY_HDR_ON _ALPHABLEND_ON pd= ok=1
Cmd: compileSnippet
  api=0 type=1 insize=1152 outsize=6 kw=LIGHTMAP_OFF DIRLIGHTMAP_SEPARATE DYNAMICLIGHTMAP_OFF UNITY_HDR_ON _ALPHABLEND_ON pd= ok=1
Cmd: compileSnippet
  api=0 type=0 insize=886 outsize=5262 kw=DIRECTIONAL SHADOWS_OFF LIGHTMAP_OFF DIRLIGHTMAP_OFF DYNAMICLIGHTMAP_OFF _ALPHABLEND_ON pd= ok=1
Cmd: compileSnippet
  api=0 type=0 insize=886 outsize=6520 kw=DIRECTIONAL SHADOWS_OFF LIGHTMAP_OFF DIRLIGHTMAP_OFF DYNAMICLIGHTMAP_OFF VERTEXLIGHT_ON _ALPHABLEND_ON pd= ok=1
Cmd: compileSnippet
  api=0 type=1 insize=886 outsize=6 kw=DIRECTIONAL SHADOWS_SCREEN LIGHTMAP_OFF DIRLIGHTMAP_OFF DYNAMICLIGHTMAP_OFF _ALPHABLEND_ON pd= ok=1
Cmd: compileSnippet
  api=0 type=0 insize=816 outsize=4945 kw=POINT SHADOWS_OFF _ALPHABLEND_ON pd= ok=1
Cmd: compileSnippet
  api=0 type=0 insize=816 outsize=5099 kw=SPOT SHADOWS_OFF _ALPHABLEND_ON pd= ok=1
Cmd: compileSnippet
  api=0 type=0 insize=816 outsize=4898 kw=DIRECTIONAL_COOKIE SHADOWS_OFF _ALPHABLEND_ON pd= ok=1
Cmd: compileSnippet
  api=0 type=0 insize=816 outsize=5095 kw=DIRECTIONAL SHADOWS_SCREEN _ALPHABLEND_ON pd= ok=1
Cmd: compileSnippet
  api=0 type=0 insize=816 outsize=5748 kw=POINT SHADOWS_CUBE _ALPHABLEND_ON pd= ok=1
Cmd: compileSnippet
  api=0 type=1 insize=816 outsize=6 kw=DIRECTIONAL SHADOWS_OFF _ALPHABLEND_ON pd= ok=1
Cmd: compileSnippet
  api=0 type=1 insize=816 outsize=6 kw=SPOT SHADOWS_OFF _ALPHABLEND_ON pd= ok=1
Cmd: compileSnippet
  api=0 type=1 insize=816 outsize=6 kw=DIRECTIONAL_COOKIE SHADOWS_OFF _ALPHABLEND_ON pd= ok=1
Cmd: compileSnippet
  api=0 type=1 insize=816 outsize=6 kw=DIRECTIONAL_COOKIE SHADOWS_SCREEN _ALPHABLEND_ON pd= ok=1
Cmd: compileSnippet
  api=0 type=1 insize=816 outsize=6 kw=POINT_COOKIE SHADOWS_CUBE _ALPHABLEND_ON pd= ok=1
Cmd: compileSnippet
  api=0 type=0 insize=600 outsize=2249 kw=SHADOWS_DEPTH _ALPHABLEND_ON pd= ok=1
Cmd: compileSnippet
  api=0 type=1 insize=600 outsize=6 kw=SHADOWS_CUBE _ALPHABLEND_ON pd= ok=1
End of pipe

Quitting shader compiler process
