Base path: /Applications/Unity/Unity.app/Contents
Pipe name: \\.\pipe\UnityShaderCompiler-64bit-1-2075616000
Cmd: getPlatforms
Cmd: compileSnippet
  api=0 type=0 insize=3272 outsize=741 kw= pd= ok=1
Cmd: compileSnippet
  api=0 type=1 insize=3272 outsize=6 kw= pd= ok=1
Cmd: compileSnippet
  api=0 type=0 insize=1345 outsize=1270 kw= pd= ok=1
Cmd: compileSnippet
  api=0 type=1 insize=1345 outsize=6 kw= pd= ok=1
Cmd: compileSnippet
  api=0 type=0 insize=1239 outsize=799 kw= pd= ok=1
Cmd: compileSnippet
  api=0 type=1 insize=1239 outsize=6 kw= pd= ok=1
Cmd: compileSnippet
  api=0 type=0 insize=3270 outsize=672 kw= pd= ok=1
Cmd: compileSnippet
  api=0 type=1 insize=3270 outsize=6 kw= pd= ok=1
Cmd: compileSnippet
  api=0 type=0 insize=4837 outsize=3242 kw=POINT pd= ok=1
Cmd: compileSnippet
  api=0 type=1 insize=4837 outsize=6 kw=POINT pd= ok=1
